<?xml version="1.0" encoding="UTF-8"?>
<!-- Generated by org.testng.reporters.JUnitReportReporter -->
<testsuite hostname="Lenovo-PC" failures="0" tests="1" name="Com.CRM.PurchaseOrders.VerifyPurchaseOrdersTab" time="3.092" errors="0" timestamp="2022-05-28T13:06:57 IST" skipped="0">
  <testcase classname="Com.CRM.PurchaseOrders.VerifyPurchaseOrdersTab" name="VerifyPurchaseOrdrersTabTest" time="3.092"/>
  <system-out>
    <![CDATA[Home Pageis Displayed, PASS
PurchaseOrders Text is Displayed]]>
  </system-out>
</testsuite> <!-- Com.CRM.PurchaseOrders.VerifyPurchaseOrdersTab -->
