<?xml version="1.0" encoding="UTF-8"?>
<!-- Generated by org.testng.reporters.JUnitReportReporter -->
<testsuite hostname="Lenovo-PC" failures="0" tests="1" name="Com.CRM.PriceBooks.VerifyPriceBooksTab" time="2.354" errors="0" timestamp="2022-05-23T15:14:56 IST" skipped="0">
  <testcase classname="Com.CRM.PriceBooks.VerifyPriceBooksTab" name="VerifyPriceBooksTabTest" time="2.354"/>
  <system-out>
    <![CDATA[Home Pageis Displayed, PASS
PriceBook Text is Displayed]]>
  </system-out>
</testsuite> <!-- Com.CRM.PriceBooks.VerifyPriceBooksTab -->
