<?xml version="1.0" encoding="UTF-8"?>
<!-- Generated by org.testng.reporters.JUnitReportReporter -->
<testsuite hostname="Lenovo-PC" failures="0" tests="1" name="Com.CRM.Cases.VerifyCasesTab" time="1.924" errors="0" timestamp="2022-05-23T15:14:56 IST" skipped="0">
  <testcase classname="Com.CRM.Cases.VerifyCasesTab" name="VerifyCasesTabTest" time="1.924"/>
  <system-out>
    <![CDATA[Home Pageis Displayed, PASS
Cases Text is Displayed]]>
  </system-out>
</testsuite> <!-- Com.CRM.Cases.VerifyCasesTab -->
