<?xml version="1.0" encoding="UTF-8"?>
<!-- Generated by org.testng.reporters.JUnitReportReporter -->
<testsuite hostname="Lenovo-PC" failures="0" tests="1" name="Com.CRM.Login.ValidSignIn" time="1.157" errors="0" timestamp="2022-05-21T16:12:09 IST" skipped="0">
  <testcase classname="Com.CRM.Login.ValidSignIn" name="validSignInTest" time="1.157"/>
  <system-out>
    <![CDATA[validSignInTestmethod started
CRM Pageis Displayed, PASS
validSignInTestmethod passed]]>
  </system-out>
</testsuite> <!-- Com.CRM.Login.ValidSignIn -->
