<?xml version="1.0" encoding="UTF-8"?>
<!-- Generated by org.testng.reporters.JUnitReportReporter -->
<testsuite hostname="Lenovo-PC" failures="0" tests="1" name="Com.CRM.Quotes.VerifyQuotesTab" time="2.068" errors="0" timestamp="2022-05-28T12:52:56 IST" skipped="0">
  <testcase classname="Com.CRM.Quotes.VerifyQuotesTab" name="VerifyQuotesTabTest" time="2.068"/>
  <system-out>
    <![CDATA[Home Pageis Displayed, PASS
Quotes Text is Displayed]]>
  </system-out>
</testsuite> <!-- Com.CRM.Quotes.VerifyQuotesTab -->
