<?xml version="1.0" encoding="UTF-8"?>
<!-- Generated by org.testng.reporters.JUnitReportReporter -->
<testsuite hostname="Lenovo-PC" failures="0" tests="1" name="Com.CRM.Reports.VerifyReportsTab" time="4.620" errors="0" timestamp="2022-05-23T15:14:56 IST" skipped="0">
  <testcase classname="Com.CRM.Reports.VerifyReportsTab" name="verifyReportsTabTest" time="4.620"/>
  <system-out>
    <![CDATA[Home Pageis Displayed, PASS
Reports Text is Displayed]]>
  </system-out>
</testsuite> <!-- Com.CRM.Reports.VerifyReportsTab -->
