<?xml version="1.0" encoding="UTF-8"?>
<!-- Generated by org.testng.reporters.JUnitReportReporter -->
<testsuite hostname="Lenovo-PC" failures="0" tests="1" name="Com.CRM.Leads.CreateNewLeadTest" time="4.777" errors="0" timestamp="2022-05-24T20:21:26 IST" skipped="0">
  <testcase classname="Com.CRM.Leads.CreateNewLeadTest" name="VerifyNewLeadCreation" time="4.777"/>
  <system-out>
    <![CDATA[VerifyNewLeadCreationmethod started
Home Pageis Displayed, PASS
Lead Name textis Displayed, PASS
VerifyNewLeadCreationmethod passed]]>
  </system-out>
</testsuite> <!-- Com.CRM.Leads.CreateNewLeadTest -->
