<?xml version="1.0" encoding="UTF-8"?>
<!-- Generated by org.testng.reporters.JUnitReportReporter -->
<testsuite hostname="Lenovo-PC" failures="0" tests="1" name="Com.CRM.Products.VerifyProductsTab" time="17.598" errors="0" timestamp="2022-05-23T15:14:56 IST" skipped="0">
  <testcase classname="Com.CRM.Products.VerifyProductsTab" name="VerifyProductsTabTest" time="17.598"/>
  <system-out>
    <![CDATA[Home Pageis Displayed, PASS
Products Text is Displayed]]>
  </system-out>
</testsuite> <!-- Com.CRM.Products.VerifyProductsTab -->
