<?xml version="1.0" encoding="UTF-8"?>
<!-- Generated by org.testng.reporters.JUnitReportReporter -->
<testsuite hostname="Lenovo-PC" failures="0" tests="1" name="Com.CRM.SalesOrders.VerifySalesOrdersTab" time="2.489" errors="0" timestamp="2022-05-28T13:02:32 IST" skipped="0">
  <testcase classname="Com.CRM.SalesOrders.VerifySalesOrdersTab" name="VerifySalesOrdersTabTest" time="2.489"/>
  <system-out>
    <![CDATA[Home Pageis Displayed, PASS
SalesOrders Text is Displayed]]>
  </system-out>
</testsuite> <!-- Com.CRM.SalesOrders.VerifySalesOrdersTab -->
