<?xml version="1.0" encoding="UTF-8"?>
<!-- Generated by org.testng.reporters.JUnitReportReporter -->
<testsuite hostname="Lenovo-PC" failures="0" tests="4" name="Com.CRM.Accounts.GroupingExecution" time="0.016" errors="0" timestamp="2022-06-09T21:39:42 IST" skipped="0">
  <testcase classname="Com.CRM.Accounts.GroupingExecution" name="it1" time="0.001"/>
  <system-out>
    <![CDATA[it1]]>
  </system-out>
  <testcase classname="Com.CRM.Accounts.GroupingExecution" name="ft1" time="0.012"/>
  <system-out>
    <![CDATA[ft1]]>
  </system-out>
  <testcase classname="Com.CRM.Accounts.GroupingExecution" name="it2" time="0.001"/>
  <system-out>
    <![CDATA[it2]]>
  </system-out>
  <testcase classname="Com.CRM.Accounts.GroupingExecution" name="ft2" time="0.002"/>
  <system-out>
    <![CDATA[ft2]]>
  </system-out>
</testsuite> <!-- Com.CRM.Accounts.GroupingExecution -->
