<?xml version="1.0" encoding="UTF-8"?>
<!-- Generated by org.testng.reporters.JUnitReportReporter -->
<testsuite hostname="Lenovo-PC" failures="0" tests="1" name="Com.CRM.Invoices.VerifyInvoicesTab" time="3.887" errors="0" timestamp="2022-05-28T14:51:46 IST" skipped="0">
  <testcase classname="Com.CRM.Invoices.VerifyInvoicesTab" name="VerifyInvoiceTabTest" time="3.887"/>
  <system-out>
    <![CDATA[Home Pageis Displayed, PASS
Invoices Text is Displayed]]>
  </system-out>
</testsuite> <!-- Com.CRM.Invoices.VerifyInvoicesTab -->
