<?xml version="1.0" encoding="UTF-8"?>
<!-- Generated by org.testng.reporters.JUnitReportReporter -->
<testsuite hostname="Lenovo-PC" failures="0" tests="1" name="Coom.CRM.Campaign.VerifyCampaign" time="4.874" errors="0" timestamp="2022-05-23T15:14:56 IST" skipped="0">
  <testcase classname="Coom.CRM.Campaign.VerifyCampaign" name="VerifyCampaignTest" time="4.874"/>
  <system-out>
    <![CDATA[Home Pageis Displayed, PASS
Campaign Text is Displayed]]>
  </system-out>
</testsuite> <!-- Coom.CRM.Campaign.VerifyCampaign -->
