<?xml version="1.0" encoding="UTF-8"?>
<!-- Generated by org.testng.reporters.JUnitReportReporter -->
<testsuite hostname="Lenovo-PC" failures="0" tests="1" name="Com.CRM.Forecasts.VerifyForecastsTab" time="8.525" errors="0" timestamp="2022-05-23T15:14:56 IST" skipped="0">
  <testcase classname="Com.CRM.Forecasts.VerifyForecastsTab" name="VerifyForecastsTabTest" time="8.525"/>
  <system-out>
    <![CDATA[Home Pageis Displayed, PASS
Forecasts Text is Displayed]]>
  </system-out>
</testsuite> <!-- Com.CRM.Forecasts.VerifyForecastsTab -->
